{
"contracts/base/KittyPartyWinnerSelectionOptions.sol":{"l":{"24":0,"25":0},"path":"/home/wizgot/my-projects/1-kittyparty-contracts/hardhat/contracts/base/KittyPartyWinnerSelectionOptions.sol","s":{"1":0,"2":0},"b":{},"f":{"1":0},"fnMap":{"1":{"name":"constructor","line":20,"loc":{"start":{"line":20,"column":2},"end":{"line":26,"column":2}}}},"statementMap":{"1":{"start":{"line":24,"column":4},"end":{"line":24,"column":53}},"2":{"start":{"line":25,"column":4},"end":{"line":25,"column":27}}},"branchMap":{}},
"contracts/DAI.sol":{"l":{"9":12,"13":0},"path":"/home/wizgot/my-projects/1-kittyparty-contracts/hardhat/contracts/DAI.sol","s":{"1":12,"2":0},"b":{},"f":{"1":12,"2":0},"fnMap":{"1":{"name":"constructor","line":8,"loc":{"start":{"line":8,"column":4},"end":{"line":10,"column":4}}},"2":{"name":"mint","line":12,"loc":{"start":{"line":12,"column":4},"end":{"line":14,"column":4}}}},"statementMap":{"1":{"start":{"line":9,"column":8},"end":{"line":9,"column":57}},"2":{"start":{"line":13,"column":8},"end":{"line":13,"column":24}}},"branchMap":{}},
"contracts/interfaces/IKittens.sol":{"l":{},"path":"/home/wizgot/my-projects/1-kittyparty-contracts/hardhat/contracts/interfaces/IKittens.sol","s":{},"b":{},"f":{},"fnMap":{},"statementMap":{},"branchMap":{}},
"contracts/interfaces/IKittyPartyInit.sol":{"l":{},"path":"/home/wizgot/my-projects/1-kittyparty-contracts/hardhat/contracts/interfaces/IKittyPartyInit.sol","s":{},"b":{},"f":{},"fnMap":{},"statementMap":{},"branchMap":{}},
"contracts/interfaces/IKittyPartyYieldGenerator.sol":{"l":{},"path":"/home/wizgot/my-projects/1-kittyparty-contracts/hardhat/contracts/interfaces/IKittyPartyYieldGenerator.sol","s":{},"b":{},"f":{},"fnMap":{},"statementMap":{},"branchMap":{}},
"contracts/Kittens.sol":{"l":{"21":0,"30":0,"31":0,"32":0,"33":0,"34":0,"37":0,"38":0,"39":0,"40":0,"41":0,"45":0,"49":0,"53":0,"57":0,"61":0,"65":0,"69":0,"73":0,"77":0,"81":0,"85":0},"path":"/home/wizgot/my-projects/1-kittyparty-contracts/hardhat/contracts/Kittens.sol","s":{"1":0,"2":0,"3":0,"4":0,"5":0,"6":0,"7":0,"8":0,"9":0,"10":0,"11":0,"12":0,"13":0,"14":0,"15":0,"16":0,"17":0,"18":0,"19":0,"20":0,"21":0,"22":0,"23":0,"24":0,"25":0},"b":{"1":[0,0],"2":[0,0],"3":[0,0],"4":[0,0]},"f":{"1":0,"2":0,"3":0,"4":0,"5":0,"6":0,"7":0,"8":0,"9":0,"10":0,"11":0,"12":0,"13":0},"fnMap":{"1":{"name":"constructor","line":20,"loc":{"start":{"line":20,"column":4},"end":{"line":22,"column":4}}},"2":{"name":"addKitten","line":27,"loc":{"start":{"line":27,"column":4},"end":{"line":42,"column":4}}},"3":{"name":"setupKittyParty","line":44,"loc":{"start":{"line":44,"column":4},"end":{"line":46,"column":4}}},"4":{"name":"getList","line":48,"loc":{"start":{"line":48,"column":4},"end":{"line":50,"column":4}}},"5":{"name":"getLength","line":52,"loc":{"start":{"line":52,"column":4},"end":{"line":54,"column":4}}},"6":{"name":"getValueAt","line":56,"loc":{"start":{"line":56,"column":4},"end":{"line":58,"column":4}}},"7":{"name":"getIndex","line":60,"loc":{"start":{"line":60,"column":4},"end":{"line":62,"column":4}}},"8":{"name":"checkExists","line":64,"loc":{"start":{"line":64,"column":4},"end":{"line":66,"column":4}}},"9":{"name":"getAllList","line":68,"loc":{"start":{"line":68,"column":4},"end":{"line":70,"column":4}}},"10":{"name":"getAllLength","line":72,"loc":{"start":{"line":72,"column":4},"end":{"line":74,"column":4}}},"11":{"name":"getAllValueAt","line":76,"loc":{"start":{"line":76,"column":4},"end":{"line":78,"column":4}}},"12":{"name":"getIndex","line":80,"loc":{"start":{"line":80,"column":4},"end":{"line":82,"column":4}}},"13":{"name":"checkAllExists","line":84,"loc":{"start":{"line":84,"column":4},"end":{"line":86,"column":4}}}},"statementMap":{"1":{"start":{"line":21,"column":8},"end":{"line":21,"column":49}},"2":{"start":{"line":30,"column":8},"end":{"line":30,"column":1066}},"3":{"start":{"line":31,"column":12},"end":{"line":31,"column":69}},"4":{"start":{"line":32,"column":12},"end":{"line":32,"column":44}},"5":{"start":{"line":33,"column":12},"end":{"line":33,"column":57}},"6":{"start":{"line":34,"column":12},"end":{"line":34,"column":37}},"7":{"start":{"line":37,"column":8},"end":{"line":37,"column":64}},"8":{"start":{"line":37,"column":48},"end":{"line":37,"column":63}},"9":{"start":{"line":38,"column":8},"end":{"line":38,"column":81}},"10":{"start":{"line":39,"column":8},"end":{"line":39,"column":48}},"11":{"start":{"line":40,"column":8},"end":{"line":40,"column":61}},"12":{"start":{"line":41,"column":8},"end":{"line":41,"column":50}},"13":{"start":{"line":45,"column":8},"end":{"line":45,"column":44}},"14":{"start":{"line":49,"column":8},"end":{"line":49,"column":46}},"15":{"start":{"line":53,"column":8},"end":{"line":53,"column":57}},"16":{"start":{"line":57,"column":8},"end":{"line":57,"column":49}},"17":{"start":{"line":61,"column":8},"end":{"line":61,"column":50}},"18":{"start":{"line":65,"column":8},"end":{"line":65,"column":61}},"19":{"start":{"line":65,"column":50},"end":{"line":65,"column":61}},"20":{"start":{"line":69,"column":8},"end":{"line":69,"column":38}},"21":{"start":{"line":73,"column":8},"end":{"line":73,"column":49}},"22":{"start":{"line":77,"column":8},"end":{"line":77,"column":41}},"23":{"start":{"line":81,"column":8},"end":{"line":81,"column":42}},"24":{"start":{"line":85,"column":8},"end":{"line":85,"column":53}},"25":{"start":{"line":85,"column":42},"end":{"line":85,"column":53}}},"branchMap":{"1":{"line":30,"type":"if","locations":[{"start":{"line":30,"column":8},"end":{"line":30,"column":8}},{"start":{"line":30,"column":8},"end":{"line":30,"column":8}}]},"2":{"line":37,"type":"if","locations":[{"start":{"line":37,"column":8},"end":{"line":37,"column":8}},{"start":{"line":37,"column":8},"end":{"line":37,"column":8}}]},"3":{"line":65,"type":"if","locations":[{"start":{"line":65,"column":8},"end":{"line":65,"column":8}},{"start":{"line":65,"column":8},"end":{"line":65,"column":8}}]},"4":{"line":85,"type":"if","locations":[{"start":{"line":85,"column":8},"end":{"line":85,"column":8}},{"start":{"line":85,"column":8},"end":{"line":85,"column":8}}]}}},
"contracts/KittyPartyAccountant.sol":{"l":{"41":0,"42":0,"43":0,"45":0,"47":0,"49":0,"57":0,"58":0,"59":0,"60":0,"72":0,"73":0,"75":0,"76":0,"78":0,"79":0,"80":0,"81":0,"96":0,"97":0,"98":0,"99":0,"100":0,"101":0,"102":0,"103":0,"111":0,"113":0,"120":0,"127":0,"129":0,"133":0,"137":0,"141":0,"152":0,"164":0,"180":0,"181":0,"182":0,"183":0,"186":0,"188":0,"189":0,"190":0,"192":0,"193":0,"195":0,"204":0},"path":"/home/wizgot/my-projects/1-kittyparty-contracts/hardhat/contracts/KittyPartyAccountant.sol","s":{"1":0,"2":0,"3":0,"4":0,"5":0,"6":0,"7":0,"8":0,"9":0,"10":0,"11":0,"12":0,"13":0,"14":0,"15":0,"16":0,"17":0,"18":0,"19":0,"20":0,"21":0,"22":0,"23":0,"24":0,"25":0,"26":0,"27":0,"28":0,"29":0,"30":0,"31":0,"32":0,"33":0,"34":0,"35":0,"36":0,"37":0,"38":0,"39":0,"40":0,"41":0,"42":0,"43":0,"44":0,"45":0,"46":0,"47":0,"48":0},"b":{"1":[0,0],"2":[0,0],"3":[0,0],"4":[0,0],"5":[0,0]},"f":{"1":0,"2":0,"3":0,"4":0,"5":0,"6":0,"7":0,"8":0,"9":0,"10":0,"11":0,"12":0,"13":0,"14":0},"fnMap":{"1":{"name":"constructor","line":39,"loc":{"start":{"line":39,"column":4},"end":{"line":50,"column":4}}},"2":{"name":"__KittyPartyAccountant_init","line":54,"loc":{"start":{"line":52,"column":4},"end":{"line":61,"column":4}}},"3":{"name":"mintToWinners","line":70,"loc":{"start":{"line":63,"column":4},"end":{"line":83,"column":4}}},"4":{"name":"transferBadgesOnCompletion","line":94,"loc":{"start":{"line":89,"column":4},"end":{"line":105,"column":4}}},"5":{"name":"setupMinter","line":109,"loc":{"start":{"line":107,"column":4},"end":{"line":114,"column":4}}},"6":{"name":"setTreasury","line":118,"loc":{"start":{"line":116,"column":4},"end":{"line":121,"column":4}}},"7":{"name":"setupGuardian","line":125,"loc":{"start":{"line":123,"column":4},"end":{"line":130,"column":4}}},"8":{"name":"setURI","line":132,"loc":{"start":{"line":132,"column":4},"end":{"line":134,"column":4}}},"9":{"name":"pause","line":136,"loc":{"start":{"line":136,"column":4},"end":{"line":138,"column":4}}},"10":{"name":"unpause","line":140,"loc":{"start":{"line":140,"column":4},"end":{"line":142,"column":4}}},"11":{"name":"mint","line":150,"loc":{"start":{"line":144,"column":4},"end":{"line":153,"column":4}}},"12":{"name":"mintBatch","line":162,"loc":{"start":{"line":155,"column":4},"end":{"line":165,"column":4}}},"13":{"name":"_beforeTokenTransfer","line":176,"loc":{"start":{"line":167,"column":4},"end":{"line":196,"column":4}}},"14":{"name":"supportsInterface","line":198,"loc":{"start":{"line":198,"column":4},"end":{"line":205,"column":4}}}},"statementMap":{"1":{"start":{"line":41,"column":8},"end":{"line":41,"column":49}},"2":{"start":{"line":42,"column":8},"end":{"line":42,"column":46}},"3":{"start":{"line":43,"column":8},"end":{"line":43,"column":42}},"4":{"start":{"line":45,"column":8},"end":{"line":45,"column":42}},"5":{"start":{"line":47,"column":8},"end":{"line":47,"column":51}},"6":{"start":{"line":49,"column":8},"end":{"line":49,"column":56}},"7":{"start":{"line":57,"column":8},"end":{"line":57,"column":41}},"8":{"start":{"line":58,"column":8},"end":{"line":58,"column":53}},"9":{"start":{"line":59,"column":8},"end":{"line":59,"column":51}},"10":{"start":{"line":60,"column":8},"end":{"line":60,"column":51}},"11":{"start":{"line":72,"column":8},"end":{"line":72,"column":86}},"12":{"start":{"line":73,"column":8},"end":{"line":73,"column":93}},"13":{"start":{"line":75,"column":8},"end":{"line":75,"column":29}},"14":{"start":{"line":76,"column":8},"end":{"line":76,"column":90}},"15":{"start":{"line":78,"column":12},"end":{"line":78,"column":3597}},"16":{"start":{"line":79,"column":16},"end":{"line":79,"column":64}},"17":{"start":{"line":80,"column":16},"end":{"line":80,"column":60}},"18":{"start":{"line":81,"column":16},"end":{"line":81,"column":74}},"19":{"start":{"line":96,"column":8},"end":{"line":96,"column":86}},"20":{"start":{"line":97,"column":8},"end":{"line":97,"column":93}},"21":{"start":{"line":98,"column":8},"end":{"line":98,"column":29}},"22":{"start":{"line":99,"column":8},"end":{"line":99,"column":90}},"23":{"start":{"line":100,"column":12},"end":{"line":100,"column":4596}},"24":{"start":{"line":101,"column":16},"end":{"line":101,"column":64}},"25":{"start":{"line":102,"column":16},"end":{"line":102,"column":81}},"26":{"start":{"line":103,"column":16},"end":{"line":103,"column":75}},"27":{"start":{"line":111,"column":8},"end":{"line":111,"column":42}},"28":{"start":{"line":113,"column":8},"end":{"line":113,"column":41}},"29":{"start":{"line":120,"column":8},"end":{"line":120,"column":43}},"30":{"start":{"line":127,"column":8},"end":{"line":127,"column":53}},"31":{"start":{"line":129,"column":8},"end":{"line":129,"column":50}},"32":{"start":{"line":133,"column":8},"end":{"line":133,"column":22}},"33":{"start":{"line":137,"column":8},"end":{"line":137,"column":15}},"34":{"start":{"line":141,"column":8},"end":{"line":141,"column":17}},"35":{"start":{"line":152,"column":8},"end":{"line":152,"column":39}},"36":{"start":{"line":164,"column":8},"end":{"line":164,"column":41}},"37":{"start":{"line":180,"column":9},"end":{"line":180,"column":26}},"38":{"start":{"line":181,"column":9},"end":{"line":181,"column":6807}},"39":{"start":{"line":182,"column":12},"end":{"line":182,"column":6862}},"40":{"start":{"line":183,"column":16},"end":{"line":183,"column":26}},"41":{"start":{"line":186,"column":9},"end":{"line":186,"column":6939}},"42":{"start":{"line":188,"column":12},"end":{"line":188,"column":61}},"43":{"start":{"line":189,"column":12},"end":{"line":189,"column":63}},"44":{"start":{"line":190,"column":12},"end":{"line":190,"column":64}},"45":{"start":{"line":192,"column":12},"end":{"line":192,"column":95}},"46":{"start":{"line":193,"column":12},"end":{"line":193,"column":140}},"47":{"start":{"line":195,"column":8},"end":{"line":195,"column":73}},"48":{"start":{"line":204,"column":8},"end":{"line":204,"column":51}}},"branchMap":{"1":{"line":75,"type":"if","locations":[{"start":{"line":75,"column":8},"end":{"line":75,"column":8}},{"start":{"line":75,"column":8},"end":{"line":75,"column":8}}]},"2":{"line":98,"type":"if","locations":[{"start":{"line":98,"column":8},"end":{"line":98,"column":8}},{"start":{"line":98,"column":8},"end":{"line":98,"column":8}}]},"3":{"line":182,"type":"if","locations":[{"start":{"line":182,"column":12},"end":{"line":182,"column":12}},{"start":{"line":182,"column":12},"end":{"line":182,"column":12}}]},"4":{"line":186,"type":"if","locations":[{"start":{"line":186,"column":9},"end":{"line":186,"column":9}},{"start":{"line":186,"column":9},"end":{"line":186,"column":9}}]},"5":{"line":193,"type":"if","locations":[{"start":{"line":193,"column":12},"end":{"line":193,"column":12}},{"start":{"line":193,"column":12},"end":{"line":193,"column":12}}]}}},
"contracts/KittyPartyController.sol":{"l":{"37":0,"38":0,"42":0,"43":0,"44":0,"45":0,"46":0,"47":0,"51":0,"52":0,"56":0,"57":0,"61":0,"62":0,"66":0,"67":0,"84":0,"85":0,"86":0,"87":0,"88":0,"93":0,"94":0,"95":0,"96":0,"97":0,"98":0,"99":0,"100":0,"101":0,"102":0,"104":0,"109":0,"113":0,"117":0,"121":0,"125":0,"126":0,"135":0,"136":0,"137":0,"138":0,"139":0,"140":0,"141":0,"143":0,"145":0,"146":0,"147":0,"148":0,"149":0,"151":0,"152":0,"162":0,"163":0,"164":0,"165":0,"166":0,"167":0,"168":0,"169":0,"181":0,"182":0,"183":0,"184":0,"186":0,"188":0,"191":0,"199":0,"200":0,"201":0,"206":0,"208":0,"209":0,"210":0,"211":0,"212":0,"214":0,"215":0,"216":0,"223":0,"224":0,"229":0,"230":0,"231":0,"232":0,"233":0,"238":0,"239":0,"242":0,"243":0,"254":0,"262":0,"263":0},"path":"/home/wizgot/my-projects/1-kittyparty-contracts/hardhat/contracts/KittyPartyController.sol","s":{"1":0,"2":0,"3":0,"4":0,"5":0,"6":0,"7":0,"8":0,"9":0,"10":0,"11":0,"12":0,"13":0,"14":0,"15":0,"16":0,"17":0,"18":0,"19":0,"20":0,"21":0,"22":0,"23":0,"24":0,"25":0,"26":0,"27":0,"28":0,"29":0,"30":0,"31":0,"32":0,"33":0,"34":0,"35":0,"36":0,"37":0,"38":0,"39":0,"40":0,"41":0,"42":0,"43":0,"44":0,"45":0,"46":0,"47":0,"48":0,"49":0,"50":0,"51":0,"52":0,"53":0,"54":0,"55":0,"56":0,"57":0,"58":0,"59":0,"60":0,"61":0,"62":0,"63":0,"64":0,"65":0,"66":0,"67":0,"68":0,"69":0,"70":0,"71":0,"72":0,"73":0,"74":0,"75":0,"76":0,"77":0,"78":0,"79":0,"80":0,"81":0,"82":0,"83":0,"84":0,"85":0,"86":0,"87":0,"88":0},"b":{"1":[0,0],"2":[0,0],"3":[0,0],"4":[0,0],"5":[0,0],"6":[0,0],"7":[0,0],"8":[0,0],"9":[0,0],"10":[0,0],"11":[0,0],"12":[0,0],"13":[0,0],"14":[0,0],"15":[0,0],"16":[0,0],"17":[0,0],"18":[0,0],"19":[0,0],"20":[0,0],"21":[0,0],"22":[0,0],"23":[0,0],"24":[0,0]},"f":{"1":0,"2":0,"3":0,"4":0,"5":0,"6":0,"7":0,"8":0,"9":0,"10":0,"11":0,"12":0,"13":0,"14":0,"15":0,"16":0,"17":0,"18":0},"fnMap":{"1":{"name":"knownKitten","line":36,"loc":{"start":{"line":36,"column":4},"end":{"line":39,"column":4}}},"2":{"name":"kittenExists","line":41,"loc":{"start":{"line":41,"column":4},"end":{"line":48,"column":4}}},"3":{"name":"minimumKittens","line":50,"loc":{"start":{"line":50,"column":4},"end":{"line":53,"column":4}}},"4":{"name":"onlyKreator","line":55,"loc":{"start":{"line":55,"column":4},"end":{"line":58,"column":4}}},"5":{"name":"onlyDAOAddress","line":60,"loc":{"start":{"line":60,"column":4},"end":{"line":63,"column":4}}},"6":{"name":"onlyOracle","line":65,"loc":{"start":{"line":65,"column":4},"end":{"line":68,"column":4}}},"7":{"name":"initialize","line":73,"loc":{"start":{"line":73,"column":4},"end":{"line":105,"column":4}}},"8":{"name":"setKreatorFees","line":108,"loc":{"start":{"line":108,"column":4},"end":{"line":110,"column":4}}},"9":{"name":"setDAOFees","line":112,"loc":{"start":{"line":112,"column":4},"end":{"line":114,"column":4}}},"10":{"name":"setActivityInterval","line":116,"loc":{"start":{"line":116,"column":4},"end":{"line":118,"column":4}}},"11":{"name":"setInviteHash","line":120,"loc":{"start":{"line":120,"column":4},"end":{"line":122,"column":4}}},"12":{"name":"changeState","line":124,"loc":{"start":{"line":124,"column":4},"end":{"line":127,"column":4}}},"13":{"name":"depositAndAddKittenToParty","line":132,"loc":{"start":{"line":130,"column":4},"end":{"line":153,"column":4}}},"14":{"name":"addRoundDeposits","line":159,"loc":{"start":{"line":157,"column":4},"end":{"line":170,"column":4}}},"15":{"name":"applyInitialVerification","line":176,"loc":{"start":{"line":173,"column":4},"end":{"line":193,"column":4}}},"16":{"name":"applyWinnerStrategy","line":198,"loc":{"start":{"line":198,"column":4},"end":{"line":225,"column":4}}},"17":{"name":"applyCompleteParty","line":228,"loc":{"start":{"line":228,"column":4},"end":{"line":244,"column":4}}},"18":{"name":"mintTokens","line":247,"loc":{"start":{"line":247,"column":4},"end":{"line":264,"column":4}}}},"statementMap":{"1":{"start":{"line":37,"column":8},"end":{"line":37,"column":42}},"2":{"start":{"line":42,"column":8},"end":{"line":42,"column":123}},"3":{"start":{"line":43,"column":8},"end":{"line":43,"column":102}},"4":{"start":{"line":44,"column":8},"end":{"line":44,"column":29}},"5":{"start":{"line":45,"column":8},"end":{"line":45,"column":54}},"6":{"start":{"line":46,"column":8},"end":{"line":46,"column":36}},"7":{"start":{"line":51,"column":8},"end":{"line":51,"column":46}},"8":{"start":{"line":56,"column":8},"end":{"line":56,"column":37}},"9":{"start":{"line":61,"column":8},"end":{"line":61,"column":51}},"10":{"start":{"line":66,"column":8},"end":{"line":66,"column":43}},"11":{"start":{"line":84,"column":8},"end":{"line":84,"column":56}},"12":{"start":{"line":85,"column":8},"end":{"line":85,"column":23}},"13":{"start":{"line":86,"column":8},"end":{"line":86,"column":54}},"14":{"start":{"line":87,"column":8},"end":{"line":87,"column":64}},"15":{"start":{"line":88,"column":8},"end":{"line":88,"column":2645}},"16":{"start":{"line":93,"column":8},"end":{"line":93,"column":47}},"17":{"start":{"line":94,"column":8},"end":{"line":94,"column":60}},"18":{"start":{"line":95,"column":8},"end":{"line":95,"column":53}},"19":{"start":{"line":96,"column":8},"end":{"line":96,"column":37}},"20":{"start":{"line":97,"column":8},"end":{"line":97,"column":37}},"21":{"start":{"line":98,"column":8},"end":{"line":98,"column":58}},"22":{"start":{"line":99,"column":8},"end":{"line":99,"column":46}},"23":{"start":{"line":100,"column":8},"end":{"line":100,"column":48}},"24":{"start":{"line":101,"column":8},"end":{"line":101,"column":25}},"25":{"start":{"line":102,"column":8},"end":{"line":102,"column":35}},"26":{"start":{"line":104,"column":8},"end":{"line":104,"column":19}},"27":{"start":{"line":109,"column":8},"end":{"line":109,"column":59}},"28":{"start":{"line":113,"column":8},"end":{"line":113,"column":51}},"29":{"start":{"line":117,"column":8},"end":{"line":117,"column":43}},"30":{"start":{"line":121,"column":8},"end":{"line":121,"column":31}},"31":{"start":{"line":125,"column":8},"end":{"line":125,"column":26}},"32":{"start":{"line":126,"column":8},"end":{"line":126,"column":19}},"33":{"start":{"line":135,"column":8},"end":{"line":135,"column":26}},"34":{"start":{"line":136,"column":8},"end":{"line":136,"column":51}},"35":{"start":{"line":137,"column":8},"end":{"line":137,"column":70}},"36":{"start":{"line":138,"column":8},"end":{"line":138,"column":63}},"37":{"start":{"line":139,"column":8},"end":{"line":139,"column":71}},"38":{"start":{"line":140,"column":8},"end":{"line":140,"column":68}},"39":{"start":{"line":141,"column":8},"end":{"line":141,"column":68}},"40":{"start":{"line":143,"column":8},"end":{"line":143,"column":66}},"41":{"start":{"line":145,"column":8},"end":{"line":145,"column":90}},"42":{"start":{"line":146,"column":8},"end":{"line":146,"column":64}},"43":{"start":{"line":147,"column":8},"end":{"line":147,"column":29}},"44":{"start":{"line":148,"column":8},"end":{"line":148,"column":38}},"45":{"start":{"line":149,"column":8},"end":{"line":149,"column":42}},"46":{"start":{"line":151,"column":8},"end":{"line":151,"column":125}},"47":{"start":{"line":152,"column":8},"end":{"line":152,"column":19}},"48":{"start":{"line":162,"column":8},"end":{"line":162,"column":26}},"49":{"start":{"line":163,"column":8},"end":{"line":163,"column":44}},"50":{"start":{"line":164,"column":8},"end":{"line":164,"column":63}},"51":{"start":{"line":165,"column":8},"end":{"line":165,"column":71}},"52":{"start":{"line":166,"column":8},"end":{"line":166,"column":85}},"53":{"start":{"line":167,"column":8},"end":{"line":167,"column":73}},"54":{"start":{"line":168,"column":8},"end":{"line":168,"column":125}},"55":{"start":{"line":169,"column":8},"end":{"line":169,"column":19}},"56":{"start":{"line":181,"column":8},"end":{"line":181,"column":26}},"57":{"start":{"line":182,"column":8},"end":{"line":182,"column":51}},"58":{"start":{"line":183,"column":8},"end":{"line":183,"column":66}},"59":{"start":{"line":184,"column":8},"end":{"line":184,"column":23}},"60":{"start":{"line":186,"column":8},"end":{"line":186,"column":6826}},"61":{"start":{"line":188,"column":12},"end":{"line":188,"column":40}},"62":{"start":{"line":191,"column":12},"end":{"line":191,"column":29}},"63":{"start":{"line":199,"column":8},"end":{"line":199,"column":26}},"64":{"start":{"line":200,"column":8},"end":{"line":200,"column":40}},"65":{"start":{"line":201,"column":8},"end":{"line":201,"column":63}},"66":{"start":{"line":206,"column":8},"end":{"line":206,"column":44}},"67":{"start":{"line":208,"column":8},"end":{"line":208,"column":79}},"68":{"start":{"line":209,"column":8},"end":{"line":209,"column":71}},"69":{"start":{"line":210,"column":8},"end":{"line":210,"column":94}},"70":{"start":{"line":211,"column":8},"end":{"line":211,"column":50}},"71":{"start":{"line":212,"column":8},"end":{"line":212,"column":60}},"72":{"start":{"line":214,"column":8},"end":{"line":214,"column":117}},"73":{"start":{"line":215,"column":8},"end":{"line":215,"column":67}},"74":{"start":{"line":216,"column":8},"end":{"line":216,"column":8576}},"75":{"start":{"line":223,"column":8},"end":{"line":223,"column":67}},"76":{"start":{"line":224,"column":8},"end":{"line":224,"column":23}},"77":{"start":{"line":229,"column":8},"end":{"line":229,"column":26}},"78":{"start":{"line":230,"column":8},"end":{"line":230,"column":43}},"79":{"start":{"line":231,"column":8},"end":{"line":231,"column":33}},"80":{"start":{"line":232,"column":8},"end":{"line":232,"column":23}},"81":{"start":{"line":233,"column":8},"end":{"line":233,"column":9210}},"82":{"start":{"line":238,"column":8},"end":{"line":238,"column":67}},"83":{"start":{"line":239,"column":8},"end":{"line":239,"column":23}},"84":{"start":{"line":242,"column":8},"end":{"line":242,"column":32}},"85":{"start":{"line":243,"column":8},"end":{"line":243,"column":43}},"86":{"start":{"line":254,"column":8},"end":{"line":254,"column":9817}},"87":{"start":{"line":262,"column":8},"end":{"line":262,"column":67}},"88":{"start":{"line":263,"column":8},"end":{"line":263,"column":23}}},"branchMap":{"1":{"line":37,"type":"if","locations":[{"start":{"line":37,"column":8},"end":{"line":37,"column":8}},{"start":{"line":37,"column":8},"end":{"line":37,"column":8}}]},"2":{"line":44,"type":"if","locations":[{"start":{"line":44,"column":8},"end":{"line":44,"column":8}},{"start":{"line":44,"column":8},"end":{"line":44,"column":8}}]},"3":{"line":46,"type":"if","locations":[{"start":{"line":46,"column":8},"end":{"line":46,"column":8}},{"start":{"line":46,"column":8},"end":{"line":46,"column":8}}]},"4":{"line":51,"type":"if","locations":[{"start":{"line":51,"column":8},"end":{"line":51,"column":8}},{"start":{"line":51,"column":8},"end":{"line":51,"column":8}}]},"5":{"line":56,"type":"if","locations":[{"start":{"line":56,"column":8},"end":{"line":56,"column":8}},{"start":{"line":56,"column":8},"end":{"line":56,"column":8}}]},"6":{"line":61,"type":"if","locations":[{"start":{"line":61,"column":8},"end":{"line":61,"column":8}},{"start":{"line":61,"column":8},"end":{"line":61,"column":8}}]},"7":{"line":66,"type":"if","locations":[{"start":{"line":66,"column":8},"end":{"line":66,"column":8}},{"start":{"line":66,"column":8},"end":{"line":66,"column":8}}]},"8":{"line":84,"type":"if","locations":[{"start":{"line":84,"column":8},"end":{"line":84,"column":8}},{"start":{"line":84,"column":8},"end":{"line":84,"column":8}}]},"9":{"line":137,"type":"if","locations":[{"start":{"line":137,"column":8},"end":{"line":137,"column":8}},{"start":{"line":137,"column":8},"end":{"line":137,"column":8}}]},"10":{"line":139,"type":"if","locations":[{"start":{"line":139,"column":8},"end":{"line":139,"column":8}},{"start":{"line":139,"column":8},"end":{"line":139,"column":8}}]},"11":{"line":140,"type":"if","locations":[{"start":{"line":140,"column":8},"end":{"line":140,"column":8}},{"start":{"line":140,"column":8},"end":{"line":140,"column":8}}]},"12":{"line":143,"type":"if","locations":[{"start":{"line":143,"column":8},"end":{"line":143,"column":8}},{"start":{"line":143,"column":8},"end":{"line":143,"column":8}}]},"13":{"line":147,"type":"if","locations":[{"start":{"line":147,"column":8},"end":{"line":147,"column":8}},{"start":{"line":147,"column":8},"end":{"line":147,"column":8}}]},"14":{"line":149,"type":"if","locations":[{"start":{"line":149,"column":8},"end":{"line":149,"column":8}},{"start":{"line":149,"column":8},"end":{"line":149,"column":8}}]},"15":{"line":151,"type":"if","locations":[{"start":{"line":151,"column":8},"end":{"line":151,"column":8}},{"start":{"line":151,"column":8},"end":{"line":151,"column":8}}]},"16":{"line":165,"type":"if","locations":[{"start":{"line":165,"column":8},"end":{"line":165,"column":8}},{"start":{"line":165,"column":8},"end":{"line":165,"column":8}}]},"17":{"line":167,"type":"if","locations":[{"start":{"line":167,"column":8},"end":{"line":167,"column":8}},{"start":{"line":167,"column":8},"end":{"line":167,"column":8}}]},"18":{"line":168,"type":"if","locations":[{"start":{"line":168,"column":8},"end":{"line":168,"column":8}},{"start":{"line":168,"column":8},"end":{"line":168,"column":8}}]},"19":{"line":183,"type":"if","locations":[{"start":{"line":183,"column":8},"end":{"line":183,"column":8}},{"start":{"line":183,"column":8},"end":{"line":183,"column":8}}]},"20":{"line":186,"type":"if","locations":[{"start":{"line":186,"column":8},"end":{"line":186,"column":8}},{"start":{"line":186,"column":8},"end":{"line":186,"column":8}}]},"21":{"line":224,"type":"if","locations":[{"start":{"line":224,"column":8},"end":{"line":224,"column":8}},{"start":{"line":224,"column":8},"end":{"line":224,"column":8}}]},"22":{"line":231,"type":"if","locations":[{"start":{"line":231,"column":8},"end":{"line":231,"column":8}},{"start":{"line":231,"column":8},"end":{"line":231,"column":8}}]},"23":{"line":239,"type":"if","locations":[{"start":{"line":239,"column":8},"end":{"line":239,"column":8}},{"start":{"line":239,"column":8},"end":{"line":239,"column":8}}]},"24":{"line":263,"type":"if","locations":[{"start":{"line":263,"column":8},"end":{"line":263,"column":8}},{"start":{"line":263,"column":8},"end":{"line":263,"column":8}}]}}},
"contracts/KittyPartyFactory.sol":{"l":{"45":0,"46":0,"47":0,"48":0,"49":0,"58":0,"59":0,"60":0,"61":0,"65":0,"66":0,"68":0,"69":0,"71":0,"81":0,"82":0,"84":0,"85":0,"87":0,"91":0,"95":0,"109":0,"110":0,"111":0,"112":0,"113":0,"114":0,"115":0,"117":0,"132":0,"133":0,"134":0,"135":0,"136":0,"137":0,"138":0,"140":0,"151":0},"path":"/home/wizgot/my-projects/1-kittyparty-contracts/hardhat/contracts/KittyPartyFactory.sol","s":{"1":0,"2":0,"3":0,"4":0,"5":0,"6":0,"7":0,"8":0,"9":0,"10":0,"11":0,"12":0,"13":0,"14":0,"15":0,"16":0,"17":0,"18":0,"19":0,"20":0,"21":0,"22":0,"23":0,"24":0,"25":0,"26":0,"27":0,"28":0,"29":0,"30":0,"31":0,"32":0,"33":0,"34":0,"35":0,"36":0,"37":0,"38":0},"b":{"1":[0,0],"2":[0,0],"3":[0,0],"4":[0,0],"5":[0,0],"6":[0,0],"7":[0,0]},"f":{"1":0,"2":0,"3":0,"4":0,"5":0,"6":0,"7":0},"fnMap":{"1":{"name":"constructor","line":38,"loc":{"start":{"line":38,"column":4},"end":{"line":50,"column":5}}},"2":{"name":"createKitty","line":52,"loc":{"start":{"line":52,"column":4},"end":{"line":88,"column":5}}},"3":{"name":"getMyKitties","line":90,"loc":{"start":{"line":90,"column":4},"end":{"line":92,"column":4}}},"4":{"name":"setShouldReject","line":94,"loc":{"start":{"line":94,"column":4},"end":{"line":96,"column":4}}},"5":{"name":"onERC1155Received","line":98,"loc":{"start":{"line":98,"column":4},"end":{"line":119,"column":4}}},"6":{"name":"onERC1155BatchReceived","line":121,"loc":{"start":{"line":121,"column":4},"end":{"line":142,"column":4}}},"7":{"name":"supportsInterface","line":145,"loc":{"start":{"line":145,"column":4},"end":{"line":153,"column":4}}}},"statementMap":{"1":{"start":{"line":45,"column":8},"end":{"line":45,"column":39}},"2":{"start":{"line":46,"column":8},"end":{"line":46,"column":47}},"3":{"start":{"line":47,"column":8},"end":{"line":47,"column":37}},"4":{"start":{"line":48,"column":8},"end":{"line":48,"column":49}},"5":{"start":{"line":49,"column":8},"end":{"line":49,"column":37}},"6":{"start":{"line":58,"column":8},"end":{"line":58,"column":63}},"7":{"start":{"line":59,"column":8},"end":{"line":59,"column":114}},"8":{"start":{"line":60,"column":8},"end":{"line":60,"column":49}},"9":{"start":{"line":61,"column":8},"end":{"line":61,"column":69}},"10":{"start":{"line":65,"column":8},"end":{"line":65,"column":56}},"11":{"start":{"line":66,"column":8},"end":{"line":66,"column":69}},"12":{"start":{"line":68,"column":8},"end":{"line":68,"column":93}},"13":{"start":{"line":69,"column":8},"end":{"line":69,"column":117}},"14":{"start":{"line":71,"column":8},"end":{"line":71,"column":2928}},"15":{"start":{"line":81,"column":8},"end":{"line":81,"column":40}},"16":{"start":{"line":82,"column":8},"end":{"line":82,"column":41}},"17":{"start":{"line":84,"column":8},"end":{"line":84,"column":119}},"18":{"start":{"line":85,"column":8},"end":{"line":85,"column":65}},"19":{"start":{"line":87,"column":8},"end":{"line":87,"column":20}},"20":{"start":{"line":91,"column":8},"end":{"line":91,"column":42}},"21":{"start":{"line":95,"column":8},"end":{"line":95,"column":28}},"22":{"start":{"line":109,"column":8},"end":{"line":109,"column":31}},"23":{"start":{"line":110,"column":8},"end":{"line":110,"column":23}},"24":{"start":{"line":111,"column":8},"end":{"line":111,"column":19}},"25":{"start":{"line":112,"column":8},"end":{"line":112,"column":25}},"26":{"start":{"line":113,"column":8},"end":{"line":113,"column":23}},"27":{"start":{"line":114,"column":8},"end":{"line":114,"column":4140}},"28":{"start":{"line":115,"column":12},"end":{"line":115,"column":61}},"29":{"start":{"line":117,"column":12},"end":{"line":117,"column":35}},"30":{"start":{"line":132,"column":8},"end":{"line":132,"column":31}},"31":{"start":{"line":133,"column":8},"end":{"line":133,"column":23}},"32":{"start":{"line":134,"column":8},"end":{"line":134,"column":23}},"33":{"start":{"line":135,"column":8},"end":{"line":135,"column":29}},"34":{"start":{"line":136,"column":8},"end":{"line":136,"column":23}},"35":{"start":{"line":137,"column":8},"end":{"line":137,"column":4718}},"36":{"start":{"line":138,"column":12},"end":{"line":138,"column":66}},"37":{"start":{"line":140,"column":12},"end":{"line":140,"column":41}},"38":{"start":{"line":151,"column":8},"end":{"line":151,"column":5097}}},"branchMap":{"1":{"line":60,"type":"if","locations":[{"start":{"line":60,"column":8},"end":{"line":60,"column":8}},{"start":{"line":60,"column":8},"end":{"line":60,"column":8}}]},"2":{"line":61,"type":"if","locations":[{"start":{"line":61,"column":8},"end":{"line":61,"column":8}},{"start":{"line":61,"column":8},"end":{"line":61,"column":8}}]},"3":{"line":68,"type":"if","locations":[{"start":{"line":68,"column":8},"end":{"line":68,"column":8}},{"start":{"line":68,"column":8},"end":{"line":68,"column":8}}]},"4":{"line":69,"type":"if","locations":[{"start":{"line":69,"column":8},"end":{"line":69,"column":8}},{"start":{"line":69,"column":8},"end":{"line":69,"column":8}}]},"5":{"line":85,"type":"if","locations":[{"start":{"line":85,"column":8},"end":{"line":85,"column":8}},{"start":{"line":85,"column":8},"end":{"line":85,"column":8}}]},"6":{"line":114,"type":"if","locations":[{"start":{"line":114,"column":8},"end":{"line":114,"column":8}},{"start":{"line":114,"column":8},"end":{"line":114,"column":8}}]},"7":{"line":137,"type":"if","locations":[{"start":{"line":137,"column":8},"end":{"line":137,"column":8}},{"start":{"line":137,"column":8},"end":{"line":137,"column":8}}]}}},
"contracts/KittyPartyGuardian.sol":{"l":{"22":0,"23":0,"27":0,"28":0,"29":0,"38":0,"42":0,"51":0,"60":0},"path":"/home/wizgot/my-projects/1-kittyparty-contracts/hardhat/contracts/KittyPartyGuardian.sol","s":{"1":0,"2":0,"3":0,"4":0,"5":0,"6":0,"7":0,"8":0,"9":0},"b":{"1":[0,0]},"f":{"1":0,"2":0,"3":0,"4":0,"5":0,"6":0},"fnMap":{"1":{"name":"constructor","line":21,"loc":{"start":{"line":21,"column":4},"end":{"line":24,"column":4}}},"2":{"name":"safeMint","line":26,"loc":{"start":{"line":26,"column":4},"end":{"line":30,"column":4}}},"3":{"name":"_beforeTokenTransfer","line":34,"loc":{"start":{"line":34,"column":4},"end":{"line":39,"column":4}}},"4":{"name":"_burn","line":41,"loc":{"start":{"line":41,"column":4},"end":{"line":43,"column":4}}},"5":{"name":"tokenURI","line":45,"loc":{"start":{"line":45,"column":4},"end":{"line":52,"column":4}}},"6":{"name":"supportsInterface","line":54,"loc":{"start":{"line":54,"column":4},"end":{"line":61,"column":4}}}},"statementMap":{"1":{"start":{"line":22,"column":8},"end":{"line":22,"column":49}},"2":{"start":{"line":23,"column":8},"end":{"line":23,"column":42}},"3":{"start":{"line":27,"column":8},"end":{"line":27,"column":60}},"4":{"start":{"line":28,"column":8},"end":{"line":28,"column":47}},"5":{"start":{"line":29,"column":8},"end":{"line":29,"column":34}},"6":{"start":{"line":38,"column":8},"end":{"line":38,"column":52}},"7":{"start":{"line":42,"column":8},"end":{"line":42,"column":27}},"8":{"start":{"line":51,"column":8},"end":{"line":51,"column":38}},"9":{"start":{"line":60,"column":8},"end":{"line":60,"column":51}}},"branchMap":{"1":{"line":27,"type":"if","locations":[{"start":{"line":27,"column":8},"end":{"line":27,"column":8}},{"start":{"line":27,"column":8},"end":{"line":27,"column":8}}]}}},
"contracts/KittyPartyStateTransition.sol":{"l":{"35":0,"36":0,"40":0,"44":0,"48":0,"53":0,"54":0,"56":0,"57":0,"59":0,"60":0,"62":0,"63":0,"64":0,"66":0,"67":0,"72":0,"73":0,"74":0,"75":0,"79":0,"80":0},"path":"/home/wizgot/my-projects/1-kittyparty-contracts/hardhat/contracts/KittyPartyStateTransition.sol","s":{"1":0,"2":0,"3":0,"4":0,"5":0,"6":0,"7":0,"8":0,"9":0,"10":0,"11":0,"12":0,"13":0,"14":0,"15":0,"16":0,"17":0,"18":0,"19":0,"20":0},"b":{"1":[0,0],"2":[0,0],"3":[0,0],"4":[0,0],"5":[0,0],"6":[0,0],"7":[0,0]},"f":{"1":0,"2":0,"3":0,"4":0,"5":0,"6":0,"7":0},"fnMap":{"1":{"name":"transitionAfter","line":34,"loc":{"start":{"line":34,"column":4},"end":{"line":37,"column":4}}},"2":{"name":"getStage","line":39,"loc":{"start":{"line":39,"column":4},"end":{"line":41,"column":4}}},"3":{"name":"timeSinceChange","line":43,"loc":{"start":{"line":43,"column":4},"end":{"line":45,"column":4}}},"4":{"name":"_atStage","line":47,"loc":{"start":{"line":47,"column":4},"end":{"line":49,"column":4}}},"5":{"name":"_timedTransitions","line":52,"loc":{"start":{"line":52,"column":4},"end":{"line":69,"column":4}}},"6":{"name":"_nextStage","line":71,"loc":{"start":{"line":71,"column":4},"end":{"line":76,"column":4}}},"7":{"name":"_initState","line":78,"loc":{"start":{"line":78,"column":4},"end":{"line":81,"column":4}}}},"statementMap":{"1":{"start":{"line":36,"column":8},"end":{"line":36,"column":20}},"2":{"start":{"line":40,"column":6},"end":{"line":40,"column":24}},"3":{"start":{"line":44,"column":8},"end":{"line":44,"column":46}},"4":{"start":{"line":48,"column":8},"end":{"line":48,"column":60}},"5":{"start":{"line":53,"column":8},"end":{"line":53,"column":1899}},"6":{"start":{"line":54,"column":11},"end":{"line":54,"column":23}},"7":{"start":{"line":56,"column":8},"end":{"line":56,"column":2064}},"8":{"start":{"line":57,"column":12},"end":{"line":57,"column":24}},"9":{"start":{"line":59,"column":8},"end":{"line":59,"column":2207}},"10":{"start":{"line":60,"column":12},"end":{"line":60,"column":24}},"11":{"start":{"line":62,"column":8},"end":{"line":62,"column":2359}},"12":{"start":{"line":63,"column":12},"end":{"line":63,"column":38}},"13":{"start":{"line":66,"column":8},"end":{"line":66,"column":2575}},"14":{"start":{"line":67,"column":11},"end":{"line":67,"column":23}},"15":{"start":{"line":72,"column":8},"end":{"line":72,"column":50}},"16":{"start":{"line":73,"column":8},"end":{"line":73,"column":57}},"17":{"start":{"line":74,"column":8},"end":{"line":74,"column":47}},"18":{"start":{"line":75,"column":8},"end":{"line":75,"column":38}},"19":{"start":{"line":79,"column":8},"end":{"line":79,"column":98}},"20":{"start":{"line":80,"column":8},"end":{"line":80,"column":38}}},"branchMap":{"1":{"line":48,"type":"if","locations":[{"start":{"line":48,"column":8},"end":{"line":48,"column":8}},{"start":{"line":48,"column":8},"end":{"line":48,"column":8}}]},"2":{"line":53,"type":"if","locations":[{"start":{"line":53,"column":8},"end":{"line":53,"column":8}},{"start":{"line":53,"column":8},"end":{"line":53,"column":8}}]},"3":{"line":56,"type":"if","locations":[{"start":{"line":56,"column":8},"end":{"line":56,"column":8}},{"start":{"line":56,"column":8},"end":{"line":56,"column":8}}]},"4":{"line":59,"type":"if","locations":[{"start":{"line":59,"column":8},"end":{"line":59,"column":8}},{"start":{"line":59,"column":8},"end":{"line":59,"column":8}}]},"5":{"line":62,"type":"if","locations":[{"start":{"line":62,"column":8},"end":{"line":62,"column":8}},{"start":{"line":62,"column":8},"end":{"line":62,"column":8}}]},"6":{"line":66,"type":"if","locations":[{"start":{"line":66,"column":8},"end":{"line":66,"column":8}},{"start":{"line":66,"column":8},"end":{"line":66,"column":8}}]},"7":{"line":79,"type":"if","locations":[{"start":{"line":79,"column":8},"end":{"line":79,"column":8}},{"start":{"line":79,"column":8},"end":{"line":79,"column":8}}]}}},
"contracts/KittyPartyTimeLock.sol":{"l":{},"path":"/home/wizgot/my-projects/1-kittyparty-contracts/hardhat/contracts/KittyPartyTimeLock.sol","s":{},"b":{},"f":{"1":0},"fnMap":{"1":{"name":"constructor","line":7,"loc":{"start":{"line":6,"column":4},"end":{"line":8,"column":5}}}},"statementMap":{},"branchMap":{}},
"contracts/KittyPartyToken.sol":{"l":{"13":3,"14":3,"18":0,"22":0},"path":"/home/wizgot/my-projects/1-kittyparty-contracts/hardhat/contracts/KittyPartyToken.sol","s":{"1":3,"2":3,"3":0,"4":0},"b":{},"f":{"1":3,"2":0,"3":0},"fnMap":{"1":{"name":"constructor","line":12,"loc":{"start":{"line":12,"column":4},"end":{"line":15,"column":4}}},"2":{"name":"mint","line":17,"loc":{"start":{"line":17,"column":4},"end":{"line":19,"column":4}}},"3":{"name":"_mint","line":21,"loc":{"start":{"line":21,"column":4},"end":{"line":23,"column":4}}}},"statementMap":{"1":{"start":{"line":13,"column":8},"end":{"line":13,"column":49}},"2":{"start":{"line":14,"column":8},"end":{"line":14,"column":42}},"3":{"start":{"line":18,"column":8},"end":{"line":18,"column":24}},"4":{"start":{"line":22,"column":8},"end":{"line":22,"column":24}}},"branchMap":{}},
"contracts/KittyPartyTreasury.sol":{"l":{"19":0,"20":0,"24":0,"25":0,"27":0,"29":0,"30":0,"32":0},"path":"/home/wizgot/my-projects/1-kittyparty-contracts/hardhat/contracts/KittyPartyTreasury.sol","s":{"1":0,"2":0,"3":0,"4":0,"5":0,"6":0,"7":0,"8":0},"b":{"1":[0,0],"2":[0,0],"3":[0,0]},"f":{"1":0,"2":0},"fnMap":{"1":{"name":"__KittyPartyTreasury_init","line":17,"loc":{"start":{"line":12,"column":4},"end":{"line":21,"column":4}}},"2":{"name":"redeemTokens","line":23,"loc":{"start":{"line":23,"column":4},"end":{"line":33,"column":4}}}},"statementMap":{"1":{"start":{"line":19,"column":8},"end":{"line":19,"column":47}},"2":{"start":{"line":20,"column":8},"end":{"line":20,"column":33}},"3":{"start":{"line":24,"column":8},"end":{"line":24,"column":57}},"4":{"start":{"line":25,"column":8},"end":{"line":25,"column":77}},"5":{"start":{"line":27,"column":8},"end":{"line":27,"column":116}},"6":{"start":{"line":29,"column":8},"end":{"line":29,"column":67}},"7":{"start":{"line":30,"column":8},"end":{"line":30,"column":52}},"8":{"start":{"line":32,"column":8},"end":{"line":32,"column":82}}},"branchMap":{"1":{"line":25,"type":"if","locations":[{"start":{"line":25,"column":8},"end":{"line":25,"column":8}},{"start":{"line":25,"column":8},"end":{"line":25,"column":8}}]},"2":{"line":30,"type":"if","locations":[{"start":{"line":30,"column":8},"end":{"line":30,"column":8}},{"start":{"line":30,"column":8},"end":{"line":30,"column":8}}]},"3":{"line":32,"type":"if","locations":[{"start":{"line":32,"column":8},"end":{"line":32,"column":8}},{"start":{"line":32,"column":8},"end":{"line":32,"column":8}}]}}},
"contracts/KittyPartyWinnerSelectStrategy.sol":{"l":{"28":0,"29":0,"34":0,"37":0,"38":0,"39":0,"40":0,"45":0,"53":0,"54":0,"55":0,"72":0,"74":0,"78":0,"79":0,"81":0,"89":0,"93":0,"97":0},"path":"/home/wizgot/my-projects/1-kittyparty-contracts/hardhat/contracts/KittyPartyWinnerSelectStrategy.sol","s":{"1":0,"2":0,"3":0,"4":0,"5":0,"6":0,"7":0,"8":0,"9":0,"10":0,"11":0,"12":0,"13":0,"14":0,"15":0,"16":0,"17":0,"18":0,"19":0},"b":{"1":[0,0],"2":[0,0],"3":[0,0],"4":[0,0]},"f":{"1":0,"2":0,"3":0,"4":0,"5":0,"6":0,"7":0,"8":0},"fnMap":{"1":{"name":"constructor","line":26,"loc":{"start":{"line":21,"column":4},"end":{"line":30,"column":4}}},"2":{"name":"initiateCheckWinner","line":32,"loc":{"start":{"line":32,"column":4},"end":{"line":47,"column":4}}},"3":{"name":"runLottery","line":49,"loc":{"start":{"line":49,"column":4},"end":{"line":63,"column":4}}},"4":{"name":"fulfillRandomness","line":68,"loc":{"start":{"line":68,"column":4},"end":{"line":75,"column":4}}},"5":{"name":"setLotteryWinner","line":77,"loc":{"start":{"line":77,"column":4},"end":{"line":86,"column":4}}},"6":{"name":"getWinners","line":88,"loc":{"start":{"line":88,"column":4},"end":{"line":90,"column":4}}},"7":{"name":"getWinnerAtLocation","line":92,"loc":{"start":{"line":92,"column":4},"end":{"line":94,"column":4}}},"8":{"name":"getLength","line":96,"loc":{"start":{"line":96,"column":4},"end":{"line":98,"column":4}}}},"statementMap":{"1":{"start":{"line":28,"column":8},"end":{"line":28,"column":83}},"2":{"start":{"line":29,"column":8},"end":{"line":29,"column":25}},"3":{"start":{"line":37,"column":6},"end":{"line":37,"column":39}},"4":{"start":{"line":38,"column":6},"end":{"line":38,"column":1296}},"5":{"start":{"line":39,"column":10},"end":{"line":39,"column":1367}},"6":{"start":{"line":40,"column":14},"end":{"line":40,"column":34}},"7":{"start":{"line":42,"column":13},"end":{"line":42,"column":1470}},"8":{"start":{"line":45,"column":8},"end":{"line":45,"column":19}},"9":{"start":{"line":53,"column":8},"end":{"line":53,"column":1725}},"10":{"start":{"line":54,"column":10},"end":{"line":54,"column":100}},"11":{"start":{"line":55,"column":10},"end":{"line":55,"column":21}},"12":{"start":{"line":72,"column":8},"end":{"line":72,"column":31}},"13":{"start":{"line":74,"column":8},"end":{"line":74,"column":25}},"14":{"start":{"line":78,"column":6},"end":{"line":78,"column":2441}},"15":{"start":{"line":79,"column":8},"end":{"line":79,"column":65}},"16":{"start":{"line":81,"column":8},"end":{"line":81,"column":38}},"17":{"start":{"line":89,"column":8},"end":{"line":89,"column":28}},"18":{"start":{"line":93,"column":8},"end":{"line":93,"column":31}},"19":{"start":{"line":97,"column":8},"end":{"line":97,"column":35}}},"branchMap":{"1":{"line":38,"type":"if","locations":[{"start":{"line":38,"column":6},"end":{"line":38,"column":6}},{"start":{"line":38,"column":6},"end":{"line":38,"column":6}}]},"2":{"line":42,"type":"if","locations":[{"start":{"line":42,"column":13},"end":{"line":42,"column":13}},{"start":{"line":42,"column":13},"end":{"line":42,"column":13}}]},"3":{"line":53,"type":"if","locations":[{"start":{"line":53,"column":8},"end":{"line":53,"column":8}},{"start":{"line":53,"column":8},"end":{"line":53,"column":8}}]},"4":{"line":78,"type":"if","locations":[{"start":{"line":78,"column":6},"end":{"line":78,"column":6}},{"start":{"line":78,"column":6},"end":{"line":78,"column":6}}]}}},
"contracts/KittyPartyYieldGeneratorAave.sol":{"l":{"22":0,"23":0,"27":0,"28":0,"32":0,"33":0,"46":0,"47":0,"49":0,"50":0,"51":0,"53":0,"54":0,"55":0,"57":0,"58":0,"70":0,"72":0,"75":0,"78":0,"79":0,"81":0,"82":0,"83":0,"84":0,"87":0,"88":0,"89":0,"92":0,"93":0,"94":0,"95":0,"98":0,"99":0,"103":0,"107":0,"111":0,"115":0,"119":0,"123":0,"128":0,"129":0,"143":0},"path":"/home/wizgot/my-projects/1-kittyparty-contracts/hardhat/contracts/KittyPartyYieldGeneratorAave.sol","s":{"1":0,"2":0,"3":0,"4":0,"5":0,"6":0,"7":0,"8":0,"9":0,"10":0,"11":0,"12":0,"13":0,"14":0,"15":0,"16":0,"17":0,"18":0,"19":0,"20":0,"21":0,"22":0,"23":0,"24":0,"25":0,"26":0,"27":0,"28":0,"29":0,"30":0,"31":0,"32":0,"33":0,"34":0,"35":0,"36":0,"37":0,"38":0,"39":0,"40":0,"41":0,"42":0,"43":0},"b":{"1":[0,0],"2":[0,0],"3":[0,0],"4":[0,0],"5":[0,0],"6":[0,0],"7":[0,0],"8":[0,0]},"f":{"1":0,"2":0,"3":0,"4":0,"5":0,"6":0,"7":0,"8":0,"9":0,"10":0,"11":0,"12":0,"13":0,"14":0},"fnMap":{"1":{"name":"__KittyPartyYieldGeneratorAave_init","line":21,"loc":{"start":{"line":21,"column":4},"end":{"line":24,"column":4}}},"2":{"name":"setAllowanceDeposit","line":26,"loc":{"start":{"line":26,"column":4},"end":{"line":29,"column":4}}},"3":{"name":"setAllowanceWithdraw","line":31,"loc":{"start":{"line":31,"column":4},"end":{"line":34,"column":4}}},"4":{"name":"createLockedValue","line":43,"loc":{"start":{"line":39,"column":4},"end":{"line":59,"column":4}}},"5":{"name":"unwindLockedValue","line":64,"loc":{"start":{"line":64,"column":4},"end":{"line":100,"column":4}}},"6":{"name":"treasuryAddress","line":102,"loc":{"start":{"line":102,"column":4},"end":{"line":104,"column":4}}},"7":{"name":"lockedAmount","line":106,"loc":{"start":{"line":106,"column":4},"end":{"line":108,"column":4}}},"8":{"name":"yieldGenerated","line":110,"loc":{"start":{"line":110,"column":4},"end":{"line":112,"column":4}}},"9":{"name":"lockedPool","line":114,"loc":{"start":{"line":114,"column":4},"end":{"line":116,"column":4}}},"10":{"name":"setPlatformDepositContractAddress","line":118,"loc":{"start":{"line":118,"column":4},"end":{"line":120,"column":4}}},"11":{"name":"setPlatformRewardContractAddress","line":122,"loc":{"start":{"line":122,"column":4},"end":{"line":124,"column":4}}},"12":{"name":"setPartyInfo","line":126,"loc":{"start":{"line":126,"column":4},"end":{"line":130,"column":4}}},"13":{"name":"setPlatformWithdrawContractAddress","line":132,"loc":{"start":{"line":132,"column":4},"end":{"line":133,"column":4}}},"14":{"name":"withdraw","line":141,"loc":{"start":{"line":135,"column":4},"end":{"line":144,"column":4}}}},"statementMap":{"1":{"start":{"line":22,"column":8},"end":{"line":22,"column":48}},"2":{"start":{"line":23,"column":8},"end":{"line":23,"column":23}},"3":{"start":{"line":27,"column":8},"end":{"line":27,"column":76}},"4":{"start":{"line":28,"column":8},"end":{"line":28,"column":100}},"5":{"start":{"line":32,"column":8},"end":{"line":32,"column":79}},"6":{"start":{"line":33,"column":8},"end":{"line":33,"column":105}},"7":{"start":{"line":46,"column":8},"end":{"line":46,"column":76}},"8":{"start":{"line":47,"column":8},"end":{"line":47,"column":72}},"9":{"start":{"line":49,"column":8},"end":{"line":49,"column":95}},"10":{"start":{"line":50,"column":8},"end":{"line":50,"column":79}},"11":{"start":{"line":51,"column":8},"end":{"line":51,"column":84}},"12":{"start":{"line":53,"column":8},"end":{"line":53,"column":138}},"13":{"start":{"line":54,"column":8},"end":{"line":54,"column":61}},"14":{"start":{"line":55,"column":8},"end":{"line":55,"column":41}},"15":{"start":{"line":57,"column":8},"end":{"line":57,"column":92}},"16":{"start":{"line":58,"column":8},"end":{"line":58,"column":68}},"17":{"start":{"line":70,"column":8},"end":{"line":70,"column":134}},"18":{"start":{"line":72,"column":8},"end":{"line":72,"column":3236}},"19":{"start":{"line":75,"column":8},"end":{"line":75,"column":120}},"20":{"start":{"line":78,"column":8},"end":{"line":78,"column":52}},"21":{"start":{"line":79,"column":8},"end":{"line":79,"column":67}},"22":{"start":{"line":81,"column":8},"end":{"line":81,"column":119}},"23":{"start":{"line":82,"column":8},"end":{"line":82,"column":97}},"24":{"start":{"line":83,"column":8},"end":{"line":83,"column":23}},"25":{"start":{"line":84,"column":8},"end":{"line":84,"column":72}},"26":{"start":{"line":87,"column":8},"end":{"line":87,"column":132}},"27":{"start":{"line":88,"column":8},"end":{"line":88,"column":61}},"28":{"start":{"line":89,"column":8},"end":{"line":89,"column":50}},"29":{"start":{"line":92,"column":8},"end":{"line":92,"column":162}},"30":{"start":{"line":93,"column":8},"end":{"line":93,"column":55}},"31":{"start":{"line":94,"column":8},"end":{"line":94,"column":42}},"32":{"start":{"line":95,"column":8},"end":{"line":95,"column":4741}},"33":{"start":{"line":98,"column":8},"end":{"line":98,"column":48}},"34":{"start":{"line":99,"column":8},"end":{"line":99,"column":76}},"35":{"start":{"line":103,"column":8},"end":{"line":103,"column":32}},"36":{"start":{"line":107,"column":8},"end":{"line":107,"column":59}},"37":{"start":{"line":111,"column":8},"end":{"line":111,"column":72}},"38":{"start":{"line":115,"column":8},"end":{"line":115,"column":58}},"39":{"start":{"line":119,"column":8},"end":{"line":119,"column":35}},"40":{"start":{"line":123,"column":8},"end":{"line":123,"column":47}},"41":{"start":{"line":128,"column":8},"end":{"line":128,"column":75}},"42":{"start":{"line":129,"column":8},"end":{"line":129,"column":71}},"43":{"start":{"line":143,"column":8},"end":{"line":143,"column":40}}},"branchMap":{"1":{"line":28,"type":"if","locations":[{"start":{"line":28,"column":8},"end":{"line":28,"column":8}},{"start":{"line":28,"column":8},"end":{"line":28,"column":8}}]},"2":{"line":33,"type":"if","locations":[{"start":{"line":33,"column":8},"end":{"line":33,"column":8}},{"start":{"line":33,"column":8},"end":{"line":33,"column":8}}]},"3":{"line":49,"type":"if","locations":[{"start":{"line":49,"column":8},"end":{"line":49,"column":8}},{"start":{"line":49,"column":8},"end":{"line":49,"column":8}}]},"4":{"line":55,"type":"if","locations":[{"start":{"line":55,"column":8},"end":{"line":55,"column":8}},{"start":{"line":55,"column":8},"end":{"line":55,"column":8}}]},"5":{"line":70,"type":"if","locations":[{"start":{"line":70,"column":8},"end":{"line":70,"column":8}},{"start":{"line":70,"column":8},"end":{"line":70,"column":8}}]},"6":{"line":83,"type":"if","locations":[{"start":{"line":83,"column":8},"end":{"line":83,"column":8}},{"start":{"line":83,"column":8},"end":{"line":83,"column":8}}]},"7":{"line":89,"type":"if","locations":[{"start":{"line":89,"column":8},"end":{"line":89,"column":8}},{"start":{"line":89,"column":8},"end":{"line":89,"column":8}}]},"8":{"line":94,"type":"if","locations":[{"start":{"line":94,"column":8},"end":{"line":94,"column":8}},{"start":{"line":94,"column":8},"end":{"line":94,"column":8}}]}}},
"contracts/KittyPartyYieldGeneratorZapper.sol":{"l":{"23":0,"24":0,"28":0,"29":0,"33":0,"34":0,"47":0,"48":0,"49":0,"51":0,"53":0,"54":0,"56":0,"57":0,"76":0,"77":0,"78":0,"80":0,"84":0,"85":0,"86":0,"89":0,"90":0,"92":0,"99":0,"106":0,"113":0,"120":0,"127":0,"134":0,"142":0,"143":0,"154":0},"path":"/home/wizgot/my-projects/1-kittyparty-contracts/hardhat/contracts/KittyPartyYieldGeneratorZapper.sol","s":{"1":0,"2":0,"3":0,"4":0,"5":0,"6":0,"7":0,"8":0,"9":0,"10":0,"11":0,"12":0,"13":0,"14":0,"15":0,"16":0,"17":0,"18":0,"19":0,"20":0,"21":0,"22":0,"23":0,"24":0,"25":0,"26":0,"27":0,"28":0,"29":0,"30":0,"31":0,"32":0,"33":0},"b":{"1":[0,0],"2":[0,0],"3":[0,0],"4":[0,0],"5":[0,0],"6":[0,0]},"f":{"1":0,"2":0,"3":0,"4":0,"5":0,"6":0,"7":0,"8":0,"9":0,"10":0,"11":0,"12":0,"13":0,"14":0},"fnMap":{"1":{"name":"__KittyPartyYieldGeneratorZapper_init","line":22,"loc":{"start":{"line":22,"column":4},"end":{"line":25,"column":4}}},"2":{"name":"setAllowanceZapIn","line":27,"loc":{"start":{"line":27,"column":4},"end":{"line":30,"column":4}}},"3":{"name":"setAllowanceZapOut","line":32,"loc":{"start":{"line":32,"column":4},"end":{"line":35,"column":4}}},"4":{"name":"createLockedValue","line":43,"loc":{"start":{"line":40,"column":4},"end":{"line":58,"column":4}}},"5":{"name":"unwindLockedValue","line":63,"loc":{"start":{"line":63,"column":4},"end":{"line":93,"column":4}}},"6":{"name":"treasuryAddress","line":98,"loc":{"start":{"line":98,"column":4},"end":{"line":100,"column":4}}},"7":{"name":"lockedAmount","line":105,"loc":{"start":{"line":105,"column":4},"end":{"line":107,"column":4}}},"8":{"name":"yieldGenerated","line":112,"loc":{"start":{"line":112,"column":4},"end":{"line":114,"column":4}}},"9":{"name":"lockedPool","line":119,"loc":{"start":{"line":119,"column":4},"end":{"line":121,"column":4}}},"10":{"name":"setPlatformDepositContractAddress","line":126,"loc":{"start":{"line":126,"column":4},"end":{"line":128,"column":4}}},"11":{"name":"setPlatformWithdrawContractAddress","line":133,"loc":{"start":{"line":133,"column":4},"end":{"line":135,"column":4}}},"12":{"name":"setPlatformRewardContractAddress","line":137,"loc":{"start":{"line":137,"column":4},"end":{"line":138,"column":4}}},"13":{"name":"setPartyInfo","line":140,"loc":{"start":{"line":140,"column":4},"end":{"line":144,"column":4}}},"14":{"name":"withdraw","line":152,"loc":{"start":{"line":146,"column":4},"end":{"line":155,"column":4}}}},"statementMap":{"1":{"start":{"line":23,"column":8},"end":{"line":23,"column":48}},"2":{"start":{"line":24,"column":8},"end":{"line":24,"column":23}},"3":{"start":{"line":28,"column":8},"end":{"line":28,"column":76}},"4":{"start":{"line":29,"column":8},"end":{"line":29,"column":102}},"5":{"start":{"line":33,"column":8},"end":{"line":33,"column":79}},"6":{"start":{"line":34,"column":8},"end":{"line":34,"column":108}},"7":{"start":{"line":47,"column":8},"end":{"line":47,"column":76}},"8":{"start":{"line":48,"column":8},"end":{"line":48,"column":72}},"9":{"start":{"line":49,"column":8},"end":{"line":49,"column":97}},"10":{"start":{"line":51,"column":8},"end":{"line":51,"column":84}},"11":{"start":{"line":53,"column":8},"end":{"line":53,"column":75}},"12":{"start":{"line":54,"column":8},"end":{"line":54,"column":40}},"13":{"start":{"line":56,"column":8},"end":{"line":56,"column":92}},"14":{"start":{"line":57,"column":8},"end":{"line":57,"column":68}},"15":{"start":{"line":76,"column":8},"end":{"line":76,"column":74}},"16":{"start":{"line":77,"column":8},"end":{"line":77,"column":74}},"17":{"start":{"line":78,"column":8},"end":{"line":78,"column":98}},"18":{"start":{"line":80,"column":8},"end":{"line":80,"column":3724}},"19":{"start":{"line":84,"column":8},"end":{"line":84,"column":58}},"20":{"start":{"line":85,"column":8},"end":{"line":85,"column":41}},"21":{"start":{"line":86,"column":8},"end":{"line":86,"column":4065}},"22":{"start":{"line":89,"column":8},"end":{"line":89,"column":48}},"23":{"start":{"line":90,"column":8},"end":{"line":90,"column":76}},"24":{"start":{"line":92,"column":8},"end":{"line":92,"column":76}},"25":{"start":{"line":99,"column":8},"end":{"line":99,"column":32}},"26":{"start":{"line":106,"column":8},"end":{"line":106,"column":59}},"27":{"start":{"line":113,"column":8},"end":{"line":113,"column":72}},"28":{"start":{"line":120,"column":8},"end":{"line":120,"column":58}},"29":{"start":{"line":127,"column":8},"end":{"line":127,"column":37}},"30":{"start":{"line":134,"column":8},"end":{"line":134,"column":39}},"31":{"start":{"line":142,"column":8},"end":{"line":142,"column":75}},"32":{"start":{"line":143,"column":8},"end":{"line":143,"column":71}},"33":{"start":{"line":154,"column":8},"end":{"line":154,"column":40}}},"branchMap":{"1":{"line":29,"type":"if","locations":[{"start":{"line":29,"column":8},"end":{"line":29,"column":8}},{"start":{"line":29,"column":8},"end":{"line":29,"column":8}}]},"2":{"line":34,"type":"if","locations":[{"start":{"line":34,"column":8},"end":{"line":34,"column":8}},{"start":{"line":34,"column":8},"end":{"line":34,"column":8}}]},"3":{"line":49,"type":"if","locations":[{"start":{"line":49,"column":8},"end":{"line":49,"column":8}},{"start":{"line":49,"column":8},"end":{"line":49,"column":8}}]},"4":{"line":54,"type":"if","locations":[{"start":{"line":54,"column":8},"end":{"line":54,"column":8}},{"start":{"line":54,"column":8},"end":{"line":54,"column":8}}]},"5":{"line":78,"type":"if","locations":[{"start":{"line":78,"column":8},"end":{"line":78,"column":8}},{"start":{"line":78,"column":8},"end":{"line":78,"column":8}}]},"6":{"line":85,"type":"if","locations":[{"start":{"line":85,"column":8},"end":{"line":85,"column":8}},{"start":{"line":85,"column":8},"end":{"line":85,"column":8}}]}}}}
