TN:
SF:/home/wizgot/my-projects/1-kittyparty-contracts/hardhat/contracts/base/KittyPartyWinnerSelectionOptions.sol
FN:20,constructor
FNF:1
FNH:0
FNDA:0,constructor
DA:24,0
DA:25,0
LF:2
LH:0
BRF:0
BRH:0
end_of_record
TN:
SF:/home/wizgot/my-projects/1-kittyparty-contracts/hardhat/contracts/DAI.sol
FN:8,constructor
FN:12,mint
FNF:2
FNH:1
FNDA:12,constructor
FNDA:0,mint
DA:9,12
DA:13,0
LF:2
LH:1
BRF:0
BRH:0
end_of_record
TN:
SF:/home/wizgot/my-projects/1-kittyparty-contracts/hardhat/contracts/interfaces/IKittens.sol
FNF:0
FNH:0
LF:0
LH:0
BRF:0
BRH:0
end_of_record
TN:
SF:/home/wizgot/my-projects/1-kittyparty-contracts/hardhat/contracts/interfaces/IKittyPartyInit.sol
FNF:0
FNH:0
LF:0
LH:0
BRF:0
BRH:0
end_of_record
TN:
SF:/home/wizgot/my-projects/1-kittyparty-contracts/hardhat/contracts/interfaces/IKittyPartyYieldGenerator.sol
FNF:0
FNH:0
LF:0
LH:0
BRF:0
BRH:0
end_of_record
TN:
SF:/home/wizgot/my-projects/1-kittyparty-contracts/hardhat/contracts/Kittens.sol
FN:20,constructor
FN:27,addKitten
FN:44,setupKittyParty
FN:48,getList
FN:52,getLength
FN:56,getValueAt
FN:60,getIndex
FN:64,checkExists
FN:68,getAllList
FN:72,getAllLength
FN:76,getAllValueAt
FN:80,getIndex
FN:84,checkAllExists
FNF:13
FNH:0
FNDA:0,constructor
FNDA:0,addKitten
FNDA:0,setupKittyParty
FNDA:0,getList
FNDA:0,getLength
FNDA:0,getValueAt
FNDA:0,getIndex
FNDA:0,checkExists
FNDA:0,getAllList
FNDA:0,getAllLength
FNDA:0,getAllValueAt
FNDA:0,getIndex
FNDA:0,checkAllExists
DA:21,0
DA:30,0
DA:31,0
DA:32,0
DA:33,0
DA:34,0
DA:37,0
DA:38,0
DA:39,0
DA:40,0
DA:41,0
DA:45,0
DA:49,0
DA:53,0
DA:57,0
DA:61,0
DA:65,0
DA:69,0
DA:73,0
DA:77,0
DA:81,0
DA:85,0
LF:22
LH:0
BRDA:30,1,0,0
BRDA:30,1,1,0
BRDA:37,2,0,0
BRDA:37,2,1,0
BRDA:65,3,0,0
BRDA:65,3,1,0
BRDA:85,4,0,0
BRDA:85,4,1,0
BRF:8
BRH:0
end_of_record
TN:
SF:/home/wizgot/my-projects/1-kittyparty-contracts/hardhat/contracts/KittyPartyAccountant.sol
FN:39,constructor
FN:54,__KittyPartyAccountant_init
FN:70,mintToWinners
FN:94,transferBadgesOnCompletion
FN:109,setupMinter
FN:118,setTreasury
FN:125,setupGuardian
FN:132,setURI
FN:136,pause
FN:140,unpause
FN:150,mint
FN:162,mintBatch
FN:176,_beforeTokenTransfer
FN:198,supportsInterface
FNF:14
FNH:0
FNDA:0,constructor
FNDA:0,__KittyPartyAccountant_init
FNDA:0,mintToWinners
FNDA:0,transferBadgesOnCompletion
FNDA:0,setupMinter
FNDA:0,setTreasury
FNDA:0,setupGuardian
FNDA:0,setURI
FNDA:0,pause
FNDA:0,unpause
FNDA:0,mint
FNDA:0,mintBatch
FNDA:0,_beforeTokenTransfer
FNDA:0,supportsInterface
DA:41,0
DA:42,0
DA:43,0
DA:45,0
DA:47,0
DA:49,0
DA:57,0
DA:58,0
DA:59,0
DA:60,0
DA:72,0
DA:73,0
DA:75,0
DA:76,0
DA:78,0
DA:79,0
DA:80,0
DA:81,0
DA:96,0
DA:97,0
DA:98,0
DA:99,0
DA:100,0
DA:101,0
DA:102,0
DA:103,0
DA:111,0
DA:113,0
DA:120,0
DA:127,0
DA:129,0
DA:133,0
DA:137,0
DA:141,0
DA:152,0
DA:164,0
DA:180,0
DA:181,0
DA:182,0
DA:183,0
DA:186,0
DA:188,0
DA:189,0
DA:190,0
DA:192,0
DA:193,0
DA:195,0
DA:204,0
LF:48
LH:0
BRDA:75,1,0,0
BRDA:75,1,1,0
BRDA:98,2,0,0
BRDA:98,2,1,0
BRDA:182,3,0,0
BRDA:182,3,1,0
BRDA:186,4,0,0
BRDA:186,4,1,0
BRDA:193,5,0,0
BRDA:193,5,1,0
BRF:10
BRH:0
end_of_record
TN:
SF:/home/wizgot/my-projects/1-kittyparty-contracts/hardhat/contracts/KittyPartyController.sol
FN:36,knownKitten
FN:41,kittenExists
FN:50,minimumKittens
FN:55,onlyKreator
FN:60,onlyDAOAddress
FN:65,onlyOracle
FN:73,initialize
FN:108,setKreatorFees
FN:112,setDAOFees
FN:116,setActivityInterval
FN:120,setInviteHash
FN:124,changeState
FN:132,depositAndAddKittenToParty
FN:159,addRoundDeposits
FN:176,applyInitialVerification
FN:198,applyWinnerStrategy
FN:228,applyCompleteParty
FN:247,mintTokens
FNF:18
FNH:0
FNDA:0,knownKitten
FNDA:0,kittenExists
FNDA:0,minimumKittens
FNDA:0,onlyKreator
FNDA:0,onlyDAOAddress
FNDA:0,onlyOracle
FNDA:0,initialize
FNDA:0,setKreatorFees
FNDA:0,setDAOFees
FNDA:0,setActivityInterval
FNDA:0,setInviteHash
FNDA:0,changeState
FNDA:0,depositAndAddKittenToParty
FNDA:0,addRoundDeposits
FNDA:0,applyInitialVerification
FNDA:0,applyWinnerStrategy
FNDA:0,applyCompleteParty
FNDA:0,mintTokens
DA:37,0
DA:38,0
DA:42,0
DA:43,0
DA:44,0
DA:45,0
DA:46,0
DA:47,0
DA:51,0
DA:52,0
DA:56,0
DA:57,0
DA:61,0
DA:62,0
DA:66,0
DA:67,0
DA:84,0
DA:85,0
DA:86,0
DA:87,0
DA:88,0
DA:93,0
DA:94,0
DA:95,0
DA:96,0
DA:97,0
DA:98,0
DA:99,0
DA:100,0
DA:101,0
DA:102,0
DA:104,0
DA:109,0
DA:113,0
DA:117,0
DA:121,0
DA:125,0
DA:126,0
DA:135,0
DA:136,0
DA:137,0
DA:138,0
DA:139,0
DA:140,0
DA:141,0
DA:143,0
DA:145,0
DA:146,0
DA:147,0
DA:148,0
DA:149,0
DA:151,0
DA:152,0
DA:162,0
DA:163,0
DA:164,0
DA:165,0
DA:166,0
DA:167,0
DA:168,0
DA:169,0
DA:181,0
DA:182,0
DA:183,0
DA:184,0
DA:186,0
DA:188,0
DA:191,0
DA:199,0
DA:200,0
DA:201,0
DA:206,0
DA:208,0
DA:209,0
DA:210,0
DA:211,0
DA:212,0
DA:214,0
DA:215,0
DA:216,0
DA:223,0
DA:224,0
DA:229,0
DA:230,0
DA:231,0
DA:232,0
DA:233,0
DA:238,0
DA:239,0
DA:242,0
DA:243,0
DA:254,0
DA:262,0
DA:263,0
LF:94
LH:0
BRDA:37,1,0,0
BRDA:37,1,1,0
BRDA:44,2,0,0
BRDA:44,2,1,0
BRDA:46,3,0,0
BRDA:46,3,1,0
BRDA:51,4,0,0
BRDA:51,4,1,0
BRDA:56,5,0,0
BRDA:56,5,1,0
BRDA:61,6,0,0
BRDA:61,6,1,0
BRDA:66,7,0,0
BRDA:66,7,1,0
BRDA:84,8,0,0
BRDA:84,8,1,0
BRDA:137,9,0,0
BRDA:137,9,1,0
BRDA:139,10,0,0
BRDA:139,10,1,0
BRDA:140,11,0,0
BRDA:140,11,1,0
BRDA:143,12,0,0
BRDA:143,12,1,0
BRDA:147,13,0,0
BRDA:147,13,1,0
BRDA:149,14,0,0
BRDA:149,14,1,0
BRDA:151,15,0,0
BRDA:151,15,1,0
BRDA:165,16,0,0
BRDA:165,16,1,0
BRDA:167,17,0,0
BRDA:167,17,1,0
BRDA:168,18,0,0
BRDA:168,18,1,0
BRDA:183,19,0,0
BRDA:183,19,1,0
BRDA:186,20,0,0
BRDA:186,20,1,0
BRDA:224,21,0,0
BRDA:224,21,1,0
BRDA:231,22,0,0
BRDA:231,22,1,0
BRDA:239,23,0,0
BRDA:239,23,1,0
BRDA:263,24,0,0
BRDA:263,24,1,0
BRF:48
BRH:0
end_of_record
TN:
SF:/home/wizgot/my-projects/1-kittyparty-contracts/hardhat/contracts/KittyPartyFactory.sol
FN:38,constructor
FN:52,createKitty
FN:90,getMyKitties
FN:94,setShouldReject
FN:98,onERC1155Received
FN:121,onERC1155BatchReceived
FN:145,supportsInterface
FNF:7
FNH:0
FNDA:0,constructor
FNDA:0,createKitty
FNDA:0,getMyKitties
FNDA:0,setShouldReject
FNDA:0,onERC1155Received
FNDA:0,onERC1155BatchReceived
FNDA:0,supportsInterface
DA:45,0
DA:46,0
DA:47,0
DA:48,0
DA:49,0
DA:58,0
DA:59,0
DA:60,0
DA:61,0
DA:65,0
DA:66,0
DA:68,0
DA:69,0
DA:71,0
DA:81,0
DA:82,0
DA:84,0
DA:85,0
DA:87,0
DA:91,0
DA:95,0
DA:109,0
DA:110,0
DA:111,0
DA:112,0
DA:113,0
DA:114,0
DA:115,0
DA:117,0
DA:132,0
DA:133,0
DA:134,0
DA:135,0
DA:136,0
DA:137,0
DA:138,0
DA:140,0
DA:151,0
LF:38
LH:0
BRDA:60,1,0,0
BRDA:60,1,1,0
BRDA:61,2,0,0
BRDA:61,2,1,0
BRDA:68,3,0,0
BRDA:68,3,1,0
BRDA:69,4,0,0
BRDA:69,4,1,0
BRDA:85,5,0,0
BRDA:85,5,1,0
BRDA:114,6,0,0
BRDA:114,6,1,0
BRDA:137,7,0,0
BRDA:137,7,1,0
BRF:14
BRH:0
end_of_record
TN:
SF:/home/wizgot/my-projects/1-kittyparty-contracts/hardhat/contracts/KittyPartyGuardian.sol
FN:21,constructor
FN:26,safeMint
FN:34,_beforeTokenTransfer
FN:41,_burn
FN:45,tokenURI
FN:54,supportsInterface
FNF:6
FNH:0
FNDA:0,constructor
FNDA:0,safeMint
FNDA:0,_beforeTokenTransfer
FNDA:0,_burn
FNDA:0,tokenURI
FNDA:0,supportsInterface
DA:22,0
DA:23,0
DA:27,0
DA:28,0
DA:29,0
DA:38,0
DA:42,0
DA:51,0
DA:60,0
LF:9
LH:0
BRDA:27,1,0,0
BRDA:27,1,1,0
BRF:2
BRH:0
end_of_record
TN:
SF:/home/wizgot/my-projects/1-kittyparty-contracts/hardhat/contracts/KittyPartyStateTransition.sol
FN:34,transitionAfter
FN:39,getStage
FN:43,timeSinceChange
FN:47,_atStage
FN:52,_timedTransitions
FN:71,_nextStage
FN:78,_initState
FNF:7
FNH:0
FNDA:0,transitionAfter
FNDA:0,getStage
FNDA:0,timeSinceChange
FNDA:0,_atStage
FNDA:0,_timedTransitions
FNDA:0,_nextStage
FNDA:0,_initState
DA:35,0
DA:36,0
DA:40,0
DA:44,0
DA:48,0
DA:53,0
DA:54,0
DA:56,0
DA:57,0
DA:59,0
DA:60,0
DA:62,0
DA:63,0
DA:64,0
DA:66,0
DA:67,0
DA:72,0
DA:73,0
DA:74,0
DA:75,0
DA:79,0
DA:80,0
LF:22
LH:0
BRDA:48,1,0,0
BRDA:48,1,1,0
BRDA:53,2,0,0
BRDA:53,2,1,0
BRDA:56,3,0,0
BRDA:56,3,1,0
BRDA:59,4,0,0
BRDA:59,4,1,0
BRDA:62,5,0,0
BRDA:62,5,1,0
BRDA:66,6,0,0
BRDA:66,6,1,0
BRDA:79,7,0,0
BRDA:79,7,1,0
BRF:14
BRH:0
end_of_record
TN:
SF:/home/wizgot/my-projects/1-kittyparty-contracts/hardhat/contracts/KittyPartyTimeLock.sol
FN:7,constructor
FNF:1
FNH:0
FNDA:0,constructor
LF:0
LH:0
BRF:0
BRH:0
end_of_record
TN:
SF:/home/wizgot/my-projects/1-kittyparty-contracts/hardhat/contracts/KittyPartyToken.sol
FN:12,constructor
FN:17,mint
FN:21,_mint
FNF:3
FNH:1
FNDA:3,constructor
FNDA:0,mint
FNDA:0,_mint
DA:13,3
DA:14,3
DA:18,0
DA:22,0
LF:4
LH:2
BRF:0
BRH:0
end_of_record
TN:
SF:/home/wizgot/my-projects/1-kittyparty-contracts/hardhat/contracts/KittyPartyTreasury.sol
FN:17,__KittyPartyTreasury_init
FN:23,redeemTokens
FNF:2
FNH:0
FNDA:0,__KittyPartyTreasury_init
FNDA:0,redeemTokens
DA:19,0
DA:20,0
DA:24,0
DA:25,0
DA:27,0
DA:29,0
DA:30,0
DA:32,0
LF:8
LH:0
BRDA:25,1,0,0
BRDA:25,1,1,0
BRDA:30,2,0,0
BRDA:30,2,1,0
BRDA:32,3,0,0
BRDA:32,3,1,0
BRF:6
BRH:0
end_of_record
TN:
SF:/home/wizgot/my-projects/1-kittyparty-contracts/hardhat/contracts/KittyPartyWinnerSelectStrategy.sol
FN:26,constructor
FN:32,initiateCheckWinner
FN:49,runLottery
FN:68,fulfillRandomness
FN:77,setLotteryWinner
FN:88,getWinners
FN:92,getWinnerAtLocation
FN:96,getLength
FNF:8
FNH:0
FNDA:0,constructor
FNDA:0,initiateCheckWinner
FNDA:0,runLottery
FNDA:0,fulfillRandomness
FNDA:0,setLotteryWinner
FNDA:0,getWinners
FNDA:0,getWinnerAtLocation
FNDA:0,getLength
DA:28,0
DA:29,0
DA:34,0
DA:37,0
DA:38,0
DA:39,0
DA:40,0
DA:45,0
DA:53,0
DA:54,0
DA:55,0
DA:72,0
DA:74,0
DA:78,0
DA:79,0
DA:81,0
DA:89,0
DA:93,0
DA:97,0
LF:19
LH:0
BRDA:38,1,0,0
BRDA:38,1,1,0
BRDA:42,2,0,0
BRDA:42,2,1,0
BRDA:53,3,0,0
BRDA:53,3,1,0
BRDA:78,4,0,0
BRDA:78,4,1,0
BRF:8
BRH:0
end_of_record
TN:
SF:/home/wizgot/my-projects/1-kittyparty-contracts/hardhat/contracts/KittyPartyYieldGeneratorAave.sol
FN:21,__KittyPartyYieldGeneratorAave_init
FN:26,setAllowanceDeposit
FN:31,setAllowanceWithdraw
FN:43,createLockedValue
FN:64,unwindLockedValue
FN:102,treasuryAddress
FN:106,lockedAmount
FN:110,yieldGenerated
FN:114,lockedPool
FN:118,setPlatformDepositContractAddress
FN:122,setPlatformRewardContractAddress
FN:126,setPartyInfo
FN:132,setPlatformWithdrawContractAddress
FN:141,withdraw
FNF:14
FNH:0
FNDA:0,__KittyPartyYieldGeneratorAave_init
FNDA:0,setAllowanceDeposit
FNDA:0,setAllowanceWithdraw
FNDA:0,createLockedValue
FNDA:0,unwindLockedValue
FNDA:0,treasuryAddress
FNDA:0,lockedAmount
FNDA:0,yieldGenerated
FNDA:0,lockedPool
FNDA:0,setPlatformDepositContractAddress
FNDA:0,setPlatformRewardContractAddress
FNDA:0,setPartyInfo
FNDA:0,setPlatformWithdrawContractAddress
FNDA:0,withdraw
DA:22,0
DA:23,0
DA:27,0
DA:28,0
DA:32,0
DA:33,0
DA:46,0
DA:47,0
DA:49,0
DA:50,0
DA:51,0
DA:53,0
DA:54,0
DA:55,0
DA:57,0
DA:58,0
DA:70,0
DA:72,0
DA:75,0
DA:78,0
DA:79,0
DA:81,0
DA:82,0
DA:83,0
DA:84,0
DA:87,0
DA:88,0
DA:89,0
DA:92,0
DA:93,0
DA:94,0
DA:95,0
DA:98,0
DA:99,0
DA:103,0
DA:107,0
DA:111,0
DA:115,0
DA:119,0
DA:123,0
DA:128,0
DA:129,0
DA:143,0
LF:43
LH:0
BRDA:28,1,0,0
BRDA:28,1,1,0
BRDA:33,2,0,0
BRDA:33,2,1,0
BRDA:49,3,0,0
BRDA:49,3,1,0
BRDA:55,4,0,0
BRDA:55,4,1,0
BRDA:70,5,0,0
BRDA:70,5,1,0
BRDA:83,6,0,0
BRDA:83,6,1,0
BRDA:89,7,0,0
BRDA:89,7,1,0
BRDA:94,8,0,0
BRDA:94,8,1,0
BRF:16
BRH:0
end_of_record
TN:
SF:/home/wizgot/my-projects/1-kittyparty-contracts/hardhat/contracts/KittyPartyYieldGeneratorZapper.sol
FN:22,__KittyPartyYieldGeneratorZapper_init
FN:27,setAllowanceZapIn
FN:32,setAllowanceZapOut
FN:43,createLockedValue
FN:63,unwindLockedValue
FN:98,treasuryAddress
FN:105,lockedAmount
FN:112,yieldGenerated
FN:119,lockedPool
FN:126,setPlatformDepositContractAddress
FN:133,setPlatformWithdrawContractAddress
FN:137,setPlatformRewardContractAddress
FN:140,setPartyInfo
FN:152,withdraw
FNF:14
FNH:0
FNDA:0,__KittyPartyYieldGeneratorZapper_init
FNDA:0,setAllowanceZapIn
FNDA:0,setAllowanceZapOut
FNDA:0,createLockedValue
FNDA:0,unwindLockedValue
FNDA:0,treasuryAddress
FNDA:0,lockedAmount
FNDA:0,yieldGenerated
FNDA:0,lockedPool
FNDA:0,setPlatformDepositContractAddress
FNDA:0,setPlatformWithdrawContractAddress
FNDA:0,setPlatformRewardContractAddress
FNDA:0,setPartyInfo
FNDA:0,withdraw
DA:23,0
DA:24,0
DA:28,0
DA:29,0
DA:33,0
DA:34,0
DA:47,0
DA:48,0
DA:49,0
DA:51,0
DA:53,0
DA:54,0
DA:56,0
DA:57,0
DA:76,0
DA:77,0
DA:78,0
DA:80,0
DA:84,0
DA:85,0
DA:86,0
DA:89,0
DA:90,0
DA:92,0
DA:99,0
DA:106,0
DA:113,0
DA:120,0
DA:127,0
DA:134,0
DA:142,0
DA:143,0
DA:154,0
LF:33
LH:0
BRDA:29,1,0,0
BRDA:29,1,1,0
BRDA:34,2,0,0
BRDA:34,2,1,0
BRDA:49,3,0,0
BRDA:49,3,1,0
BRDA:54,4,0,0
BRDA:54,4,1,0
BRDA:78,5,0,0
BRDA:78,5,1,0
BRDA:85,6,0,0
BRDA:85,6,1,0
BRF:12
BRH:0
end_of_record
